[19:49:05] [main/INFO]: Environment: authHost='https://authserver.mojang.com', accountsHost='https://api.mojang.com', sessionHost='https://sessionserver.mojang.com', servicesHost='https://api.minecraftservices.com', name='PROD'
[19:49:06] [main/WARN]: Ambiguity between arguments [teleport, destination] and [teleport, targets] with inputs: [Player, 0123, @e, dd12be42-52a9-4a91-a8a1-11c01849e498]
[19:49:06] [main/WARN]: Ambiguity between arguments [teleport, location] and [teleport, destination] with inputs: [0.1 -0.5 .9, 0 0 0]
[19:49:06] [main/WARN]: Ambiguity between arguments [teleport, location] and [teleport, targets] with inputs: [0.1 -0.5 .9, 0 0 0]
[19:49:06] [main/WARN]: Ambiguity between arguments [teleport, targets] and [teleport, destination] with inputs: [Player, 0123, dd12be42-52a9-4a91-a8a1-11c01849e498]
[19:49:06] [main/WARN]: Ambiguity between arguments [teleport, targets, location] and [teleport, targets, destination] with inputs: [0.1 -0.5 .9, 0 0 0]
[19:49:06] [main/INFO]: Reloading ResourceManager: Default
[19:49:10] [Worker-Main-2/INFO]: Loaded 7 recipes
[19:49:11] [Worker-Main-2/INFO]: Loaded 927 advancements
[19:49:15] [Server thread/INFO]: Starting minecraft server version 1.16.5
[19:49:15] [Server thread/INFO]: Loading properties
[19:49:15] [Server thread/INFO]: Default game type: SURVIVAL
[19:49:15] [Server thread/INFO]: Generating keypair
[19:49:15] [Server console handler/ERROR]: Exception handling console input
java.io.IOException: Bad file descriptor
	at java.io.FileInputStream.readBytes(Native Method) ~[?:?]
	at java.io.FileInputStream.read(FileInputStream.java:279) ~[?:?]
	at java.io.BufferedInputStream.read1(BufferedInputStream.java:290) ~[?:?]
	at java.io.BufferedInputStream.read(BufferedInputStream.java:351) ~[?:?]
	at sun.nio.cs.StreamDecoder.readBytes(StreamDecoder.java:284) ~[?:?]
	at sun.nio.cs.StreamDecoder.implRead(StreamDecoder.java:326) ~[?:?]
	at sun.nio.cs.StreamDecoder.read(StreamDecoder.java:178) ~[?:?]
	at java.io.InputStreamReader.read(InputStreamReader.java:185) ~[?:?]
	at java.io.BufferedReader.fill(BufferedReader.java:161) ~[?:?]
	at java.io.BufferedReader.readLine(BufferedReader.java:326) ~[?:?]
	at java.io.BufferedReader.readLine(BufferedReader.java:392) ~[?:?]
	at zg$1.run(SourceFile:95) [server.jar:?]
[19:49:16] [Server thread/INFO]: Starting Minecraft server on *:25565
[19:49:16] [Server thread/INFO]: Using epoll channel type
[19:49:17] [Server thread/WARN]: **** SERVER IS RUNNING IN OFFLINE/INSECURE MODE!
[19:49:17] [Server thread/WARN]: The server will make no attempt to authenticate usernames. Beware.
[19:49:17] [Server thread/WARN]: While this makes the game possible to play without internet access, it also opens up the ability for hackers to connect with any username they choose.
[19:49:17] [Server thread/WARN]: To change this, set "online-mode" to "true" in the server.properties file.
[19:49:17] [Server thread/INFO]: Preparing level "seekwind_world"
[19:49:18] [Server thread/INFO]: Preparing start region for dimension minecraft:overworld
[19:49:21] [Server thread/INFO]: Preparing spawn area: 0%
[19:49:21] [Server thread/INFO]: Preparing spawn area: 0%
[19:49:21] [Server thread/INFO]: Preparing spawn area: 0%
[19:49:21] [Server thread/INFO]: Preparing spawn area: 0%
[19:49:21] [Server thread/INFO]: Preparing spawn area: 0%
[19:49:21] [Server thread/INFO]: Preparing spawn area: 0%
[19:49:21] [Server thread/INFO]: Preparing spawn area: 0%
[19:49:21] [Worker-Main-2/INFO]: Preparing spawn area: 0%
[19:49:22] [Server thread/INFO]: Preparing spawn area: 1%
[19:49:22] [Server thread/INFO]: Preparing spawn area: 38%
[19:49:23] [Server thread/INFO]: Preparing spawn area: 82%
[19:49:23] [Server thread/INFO]: Time elapsed: 5618 ms
[19:49:23] [Server thread/INFO]: Done (5.925s)! For help, type "help"
[19:50:10] [Server thread/INFO]: SeekWind[/39.181.251.96:3410] logged in with entity id 58 at (-1207.8408472473413, 21.0, 485.30000001192093)
[19:50:10] [Server thread/INFO]: SeekWind joined the game
[19:50:13] [Server thread/WARN]: Can't keep up! Is the server overloaded? Running 2036ms or 40 ticks behind
[19:50:34] [Server thread/WARN]: Can't keep up! Is the server overloaded? Running 6661ms or 133 ticks behind
[19:52:25] [Server thread/INFO]: 超帅的史蒂夫[/115.202.58.95:55079] logged in with entity id 412 at (-1034.487500011921, 55.0, 270.1860490540541)
[19:52:25] [Server thread/INFO]: 超帅的史蒂夫 joined the game
[19:52:33] [Server thread/WARN]: SeekWind moved too quickly! 0.5627221780575837,1.1216000461578375,-10.044019480975749
[19:52:33] [Server thread/WARN]: Can't keep up! Is the server overloaded? Running 8279ms or 165 ticks behind
[19:52:51] [Server thread/WARN]: Can't keep up! Is the server overloaded? Running 3231ms or 64 ticks behind
[19:53:15] [Server thread/INFO]: <SeekWind> 爷不卡
[19:53:21] [Server thread/WARN]: Can't keep up! Is the server overloaded? Running 14943ms or 298 ticks behind
[19:53:24] [Server thread/INFO]: <SeekWind> 爷好像也卡
[19:53:33] [Server thread/INFO]: <超帅的史蒂夫> ke yi le
[19:53:46] [Server thread/INFO]: <超帅的史蒂夫> 爷能打开箱子了
[19:53:56] [Server thread/INFO]: <超帅的史蒂夫> 虽然有10秒的延迟
[19:54:05] [Server thread/INFO]: <SeekWind> 爷挖的沙子没了
[19:54:55] [Server thread/INFO]: [SeekWind: Set the time to 1000]
[19:55:02] [Server thread/WARN]: Can't keep up! Is the server overloaded? Running 4060ms or 81 ticks behind
[19:55:07] [Server thread/INFO]: [SeekWind: Teleported SeekWind to -564.5, 73.0, 705.5]
[19:55:22] [Server thread/WARN]: Can't keep up! Is the server overloaded? Running 4810ms or 96 ticks behind
[19:55:28] [Server thread/INFO]: <超帅的史蒂夫> 我有两个藏宝图
[19:55:36] [Server thread/INFO]: <超帅的史蒂夫> 走吗
[19:55:40] [Server thread/INFO]: <SeekWind> ok
[19:55:52] [Server thread/INFO]: <SeekWind> 我先挖点沙子
[19:57:11] [Server thread/INFO]: <超帅的史蒂夫> 我这都是傻子
[19:57:18] [Server thread/INFO]: <超帅的史蒂夫> 沙子
[19:57:59] [Server thread/INFO]: [SeekWind: Teleported SeekWind to 超帅的史蒂夫]
[19:58:09] [Server thread/INFO]: <超帅的史蒂夫> 有铲子没
[19:58:58] [Server thread/INFO]: <超帅的史蒂夫> 我没木头了
[20:00:16] [Server thread/INFO]: <SeekWind> go home
[20:00:22] [Server thread/INFO]: [SeekWind: Teleported SeekWind to -1203.5, 22.0, 476.5]
[20:01:18] [Server thread/INFO]: [超帅的史蒂夫: Teleported 超帅的史蒂夫 to -1203.5, 22.0, 476.5]
[20:02:06] [Server thread/INFO]: <SeekWind> 食物太少
[20:04:49] [Server thread/INFO]: <超帅的史蒂夫> 两张一样的
[20:08:11] [Server thread/INFO]: <SeekWind> 萝卜不会只能生吃吧
[20:08:24] [Server thread/INFO]: <超帅的史蒂夫> 可以烤
[20:08:36] [Server thread/INFO]: <SeekWind> no
[20:09:28] [Server thread/INFO]: <SeekWind> 你把毒马铃薯给我干嘛
[20:09:48] [Server thread/INFO]: <超帅的史蒂夫> 你不是要吃的吗
[20:09:52] [Server thread/INFO]: <SeekWind> 炼药用的
[20:10:02] [Server thread/INFO]: [超帅的史蒂夫: Teleported 超帅的史蒂夫 to -28.5, 64.0, -121.5]
[20:10:10] [Server thread/INFO]: <SeekWind> 你走了？
[20:10:19] [Server thread/INFO]: [超帅的史蒂夫: Teleported 超帅的史蒂夫 to -315.5, 70.0, 470.5]
[20:10:35] [Server thread/INFO]: [超帅的史蒂夫: Teleported 超帅的史蒂夫 to -192.5, 63.0, -570.5]
[20:10:36] [Server thread/INFO]: <SeekWind> 爷最后拷一波土豆
[20:10:47] [Server thread/INFO]: [超帅的史蒂夫: Teleported 超帅的史蒂夫 to -564.5, 73.0, 705.5]
[20:10:52] [Server thread/WARN]: Can't keep up! Is the server overloaded? Running 3031ms or 60 ticks behind
[20:10:59] [Server thread/INFO]: [SeekWind: Teleported SeekWind to 超帅的史蒂夫]
[20:11:00] [Server thread/INFO]: [超帅的史蒂夫: Teleported 超帅的史蒂夫 to -1203.5, 22.0, 476.5]
[20:11:11] [Server thread/INFO]: [SeekWind: Teleported SeekWind to 超帅的史蒂夫]
[20:11:17] [Server thread/INFO]: <超帅的史蒂夫> 找到了
[20:11:30] [Server thread/INFO]: <超帅的史蒂夫> 第二家那里在地图范围内
[20:11:39] [Server thread/INFO]: <SeekWind> ok
[20:11:45] [Server thread/INFO]: [超帅的史蒂夫: Teleported 超帅的史蒂夫 to -564.5, 73.0, 705.5]
[20:11:49] [Server thread/INFO]: [SeekWind: Teleported SeekWind to 超帅的史蒂夫]
[20:13:08] [Server thread/INFO]: <SeekWind> 西南
[20:13:34] [Server thread/INFO]: <SeekWind> 西南
[20:13:36] [Server thread/INFO]: [SeekWind: Teleported SeekWind to 超帅的史蒂夫]
[20:14:15] [Server thread/INFO]: <超帅的史蒂夫> 这里造个家
[20:14:47] [Server thread/INFO]: <超帅的史蒂夫> xaero-waypoint:村庄1:村:-665:69:782:5:false:0:Internal-overworld-waypoints
[20:18:00] [Server thread/INFO]: <超帅的史蒂夫> youle
[20:18:40] [Server thread/INFO]: <超帅的史蒂夫> 拿到海洋之心了
[20:19:09] [Server thread/INFO]: <超帅的史蒂夫> 然后找海洋底座放海洋之心
[20:19:24] [Server thread/INFO]: <超帅的史蒂夫> 就可以水下呼吸了
[20:24:34] [Server thread/INFO]: <SeekWind> 按Z看大地图
[20:24:44] [Server thread/INFO]: <超帅的史蒂夫> nice
[20:26:17] [Server thread/INFO]: <超帅的史蒂夫> nabuxia le
[20:26:31] [Server thread/INFO]: [超帅的史蒂夫: Teleported 超帅的史蒂夫 to -1203.5, 22.0, 476.5]
[20:26:39] [Server thread/INFO]: [SeekWind: Teleported SeekWind to 超帅的史蒂夫]
[20:35:29] [Server thread/INFO]: <SeekWind> 我家房子还蛮大的
[20:35:41] [Server thread/INFO]: <SeekWind> 要不要去我家坐坐
[20:36:03] [Server thread/INFO]: <超帅的史蒂夫> 其实我家也蛮大的
[20:36:35] [Server thread/INFO]: <SeekWind> 这么说，你很勇哦
[20:39:31] [Server thread/INFO]: <SeekWind> ?
[20:39:39] [Server thread/INFO]: <SeekWind> 每孔
[20:42:05] [Server thread/INFO]: <SeekWind> 你是准备这边造一个小房间？还是往这扩建
[20:42:44] [Server thread/INFO]: <超帅的史蒂夫> 我只是想着这样看的景多一点
[20:42:54] [Server thread/INFO]: <超帅的史蒂夫> 没想到这个玻璃这么丑
[20:44:23] [Server thread/INFO]: SeekWind lost connection: Disconnected
[20:44:23] [Server thread/INFO]: SeekWind left the game
[20:44:30] [Server thread/INFO]: SeekWind[/39.181.251.96:3407] logged in with entity id 9437 at (-1200.56896255051, 22.0, 479.2012290225647)
[20:44:30] [Server thread/INFO]: SeekWind joined the game
[20:53:39] [Server thread/INFO]: <SeekWind> 鸡蛋用来做南瓜派
[20:57:12] [Server thread/INFO]: 超帅的史蒂夫 has made the advancement [Ice Bucket Challenge]
[20:58:30] [Server thread/INFO]: <超帅的史蒂夫> 突然想起来
[20:58:48] [Server thread/INFO]: <超帅的史蒂夫> 我们能传送，还需要做地域交通吗
[20:59:01] [Server thread/INFO]: <SeekWind> 暂时不用
[21:00:35] [Server thread/INFO]: <SeekWind> 打雷还是苦力怕爆炸？
[21:00:42] [Server thread/INFO]: <SeekWind> 打雷
[21:00:43] [Server thread/INFO]: <超帅的史蒂夫> 打雷吧
[21:00:50] [Server thread/INFO]: <SeekWind> 雷雨天可以睡觉
[21:00:51] [Server thread/INFO]: <超帅的史蒂夫> md吓死我了
[21:03:32] [Server thread/INFO]: 超帅的史蒂夫 has made the advancement [Hot Stuff]
[21:03:46] [Server thread/INFO]: <SeekWind> 热腾腾的粑粑
[21:06:27] [Server thread/INFO]: 超帅的史蒂夫 has made the advancement [A Seedy Place]
[21:09:25] [Server thread/INFO]: <SeekWind> 还有没有玻璃
[21:09:30] [Server thread/INFO]: <超帅的史蒂夫> wu
[21:10:39] [Server thread/INFO]: [SeekWind: Set the time to 1000]
[21:10:50] [Server thread/INFO]: [SeekWind: Teleported SeekWind to -564.5, 73.0, 705.5]
[21:11:46] [Server thread/INFO]: [超帅的史蒂夫: Teleported 超帅的史蒂夫 to SeekWind]
[21:15:12] [Server thread/WARN]: Can't keep up! Is the server overloaded? Running 2005ms or 40 ticks behind
[21:15:48] [Server thread/INFO]: [SeekWind: Teleported SeekWind to -1203.5, 22.0, 476.5]
[21:20:00] [Server thread/INFO]: <超帅的史蒂夫> xaero-waypoint:蜘蛛刷怪笼:蜘1:-219:65:383:12:false:0:Internal-overworld-waypoints
[21:20:14] [Server thread/WARN]: Can't keep up! Is the server overloaded? Running 2313ms or 46 ticks behind
[21:22:09] [Server thread/INFO]: [超帅的史蒂夫: Teleported 超帅的史蒂夫 to -1203.5, 22.0, 476.5]
[21:29:18] [Server thread/INFO]: <超帅的史蒂夫> 帮我把东西搬到上面的箱子里，我手上东西满了
[21:36:28] [Server thread/INFO]: <SeekWind> 矿石放最后一个
[21:42:11] [Server thread/INFO]: <超帅的史蒂夫> 舒服了
[21:42:38] [Server thread/INFO]: <SeekWind> 我隧道通了
[21:47:37] [Server thread/INFO]: <超帅的史蒂夫> 地狱门放哪
[21:47:49] [Server thread/INFO]: <SeekWind> 这里也太低了
[21:48:06] [Server thread/INFO]: <超帅的史蒂夫> 没事
[21:48:10] [Server thread/INFO]: <SeekWind> OK
[21:48:19] [Server thread/INFO]: <SeekWind> 那就这里
[21:49:03] [Server thread/INFO]: <超帅的史蒂夫> 不然放在树的尽头吧
[21:49:15] [Server thread/INFO]: <SeekWind> OK
[21:53:58] [Server thread/INFO]: <超帅的史蒂夫> 为什么烧不起来
[21:55:11] [Server thread/INFO]: <SeekWind> ok了
[21:56:19] [Server thread/INFO]: <超帅的史蒂夫> 这可太劣质了
[21:56:42] [Server thread/INFO]: <SeekWind> 你没看出来这个轨道是刹车用的吗
[21:57:56] [Server thread/INFO]: <SeekWind> 别动
[21:59:06] [Server thread/INFO]: <SeekWind> 关掉就是刹车
[21:59:11] [Server thread/INFO]: <SeekWind> 开起来就是加速
[21:59:18] [Server thread/INFO]: <超帅的史蒂夫> 激活铁轨
[21:59:18] [Server thread/INFO]: <SeekWind> 送货用的
[22:00:30] [Server thread/INFO]: <超帅的史蒂夫> 你这个送货没必要，上面有没有漏斗自动收货
[22:01:06] [Server thread/INFO]: <SeekWind> 玩个游戏，哪有这么多必要
[22:01:42] [Server thread/INFO]: <超帅的史蒂夫> 还不如运人来的方便
[22:01:55] [Server thread/INFO]: <超帅的史蒂夫> 不然我都不能坐这个上来
[22:03:23] [Server thread/INFO]: <SeekWind> 激活轨道没激活就是刹车
[22:03:33] [Server thread/INFO]: <SeekWind> 不然老是飞出轨道
[22:03:43] [Server thread/INFO]: <超帅的史蒂夫> 这是充能铁轨
[22:03:49] [Server thread/INFO]: <SeekWind> 对充能
[22:03:49] [Server thread/INFO]: <超帅的史蒂夫> 激活铁轨不一样
[22:03:57] [Server thread/INFO]: <SeekWind> 我说的就是充能
[22:04:05] [Server thread/INFO]: <SeekWind> 不能断
[22:04:14] [Server thread/INFO]: <超帅的史蒂夫> 这里放个红石火把
[22:04:22] [Server thread/INFO]: <SeekWind> 红石火把就失控了
[22:04:41] [Server thread/INFO]: <SeekWind> 我人还没上去，车先走了
[22:04:56] [Server thread/INFO]: <SeekWind> 充能放上去
[22:06:26] [Server thread/INFO]: <超帅的史蒂夫> 可以了
[22:07:37] [Server thread/INFO]: <SeekWind> 你有毒啊，你这个设计跟我的有区别吗，干嘛把我的挖了
[22:08:42] [Server thread/INFO]: <SeekWind> 要不要车开过来，直接撞到地狱门里面去
[22:08:49] [Server thread/INFO]: <SeekWind> 直接抄家伙
[22:10:05] [Server thread/INFO]: <超帅的史蒂夫> 为什么这棵树长不大
[22:12:25] [Server thread/INFO]: <SeekWind> 该下线了
[22:12:40] [Server thread/INFO]: <SeekWind> (<_<)
[22:12:50] [Server thread/INFO]: <SeekWind> (>_>)
[22:12:57] [Server thread/INFO]: <SeekWind> (<_>)
[22:13:04] [Server thread/INFO]: <SeekWind> (>_<)
[22:13:22] [Server thread/INFO]: <SeekWind> ($_$)
[22:13:29] [Server thread/INFO]: <SeekWind> @_@
[22:13:34] [Server thread/INFO]: <SeekWind> 0.0
[22:13:46] [Server thread/INFO]: <SeekWind> orz
[22:14:15] [Server thread/INFO]: <SeekWind> 现在的主要困难是没装备
[22:14:17] [Server thread/INFO]: SeekWind lost connection: Disconnected
[22:14:17] [Server thread/INFO]: SeekWind left the game
[22:33:41] [Server thread/INFO]: 超帅的史蒂夫 lost connection: Disconnected
[22:33:41] [Server thread/INFO]: 超帅的史蒂夫 left the game
